c:\users\grigo\source\repos\аистрд1\project1\debug\vc141.pdb
c:\users\grigo\source\repos\аистрд1\project1\debug\vc141.idb
c:\users\grigo\source\repos\аистрд1\project1\debug\main.obj
c:\users\grigo\source\repos\аистрд1\project1\debug\source.obj
c:\users\grigo\source\repos\аистрд1\debug\project1.lib
c:\users\grigo\source\repos\аистрд1\debug\project1.exe
c:\users\grigo\source\repos\аистрд1\debug\project1.ilk
c:\users\grigo\source\repos\аистрд1\debug\project1.pdb
c:\users\grigo\source\repos\аистрд1\debug\project1.exp
c:\users\grigo\source\repos\аистрд1\project1\debug\read.obj
c:\users\grigo\source\repos\аистрд1\project1\debug\show.obj
c:\users\grigo\source\repos\аистрд1\project1\debug\project1.idb
c:\users\grigo\source\repos\аистрд1\project1\debug\project1.pdb
c:\users\grigo\source\repos\аистрд1\project1\debug\project1.tlog\cl.command.1.tlog
c:\users\grigo\source\repos\аистрд1\project1\debug\project1.tlog\cl.read.1.tlog
c:\users\grigo\source\repos\аистрд1\project1\debug\project1.tlog\cl.write.1.tlog
c:\users\grigo\source\repos\аистрд1\project1\debug\project1.tlog\lib-link.read.1.tlog
c:\users\grigo\source\repos\аистрд1\project1\debug\project1.tlog\lib-link.write.1.tlog
c:\users\grigo\source\repos\аистрд1\project1\debug\project1.tlog\lib.command.1.tlog
c:\users\grigo\source\repos\аистрд1\project1\debug\project1.tlog\link.11128.delete.1.tlog
c:\users\grigo\source\repos\аистрд1\project1\debug\project1.tlog\link.11804.delete.1.tlog
c:\users\grigo\source\repos\аистрд1\project1\debug\project1.tlog\link.1695500.delete.1.tlog
c:\users\grigo\source\repos\аистрд1\project1\debug\project1.tlog\link.18008.delete.1.tlog
c:\users\grigo\source\repos\аистрд1\project1\debug\project1.tlog\link.18132.delete.1.tlog
c:\users\grigo\source\repos\аистрд1\project1\debug\project1.tlog\link.186940.delete.1.tlog
c:\users\grigo\source\repos\аистрд1\project1\debug\project1.tlog\link.189740.delete.1.tlog
c:\users\grigo\source\repos\аистрд1\project1\debug\project1.tlog\link.191496.delete.1.tlog
c:\users\grigo\source\repos\аистрд1\project1\debug\project1.tlog\link.193220.delete.1.tlog
c:\users\grigo\source\repos\аистрд1\project1\debug\project1.tlog\link.193940.delete.1.tlog
c:\users\grigo\source\repos\аистрд1\project1\debug\project1.tlog\link.194640.delete.1.tlog
c:\users\grigo\source\repos\аистрд1\project1\debug\project1.tlog\link.275288.delete.1.tlog
c:\users\grigo\source\repos\аистрд1\project1\debug\project1.tlog\link.282204.delete.1.tlog
c:\users\grigo\source\repos\аистрд1\project1\debug\project1.tlog\link.6264.delete.1.tlog
c:\users\grigo\source\repos\аистрд1\project1\debug\project1.tlog\link.91244.delete.1.tlog
c:\users\grigo\source\repos\аистрд1\project1\debug\project1.tlog\link.91304.delete.1.tlog
c:\users\grigo\source\repos\аистрд1\project1\debug\project1.tlog\link.92300.delete.1.tlog
c:\users\grigo\source\repos\аистрд1\project1\debug\project1.tlog\link.command.1.tlog
c:\users\grigo\source\repos\аистрд1\project1\debug\project1.tlog\link.delete.1.tlog
c:\users\grigo\source\repos\аистрд1\project1\debug\project1.tlog\link.read.1.tlog
c:\users\grigo\source\repos\аистрд1\project1\debug\project1.tlog\link.write.1.tlog
c:\users\grigo\source\repos\аистрд1\project1\debug\project1.tlog\project1.write.1u.tlog
